<?xml version="1.0" encoding="UTF-8"?>
<!-- Generated by org.testng.reporters.JUnitXMLReporter -->
<testsuite hostname="DESKTOP-KRLAL0I" ignored="0" name="ChromeTest" tests="4" failures="0" timestamp="27 Feb 2019 06:54:15 GMT" time="40.183" errors="0">
  <testcase name="amazonHomePage" time="3.337" classname="com.sales.AmazonServices.TC_005"/>
  <testcase name="linktesting1" time="1.291" classname="com.sales.AmazonServices.LinksTesting1"/>
  <testcase name="checkboxTest" time="0.105" classname="com.sales.AmazonServices.CheckBox1"/>
  <testcase name="radioButtonTest" time="0.101" classname="com.sales.AmazonServices.RadioButton1"/>
</testsuite> <!-- ChromeTest -->
