<?xml version="1.0" encoding="UTF-8"?>
<!-- Generated by org.testng.reporters.JUnitXMLReporter -->
<testsuite hostname="DESKTOP-KRLAL0I" ignored="0" name="FirefoxTest" tests="4" failures="0" timestamp="27 Feb 2019 06:28:30 GMT" time="140.847" errors="0">
  <testcase name="amazonHomePage" time="15.896" classname="com.sales.AmazonServices.TC_005"/>
  <testcase name="linktesting1" time="3.976" classname="com.sales.AmazonServices.LinksTesting1"/>
  <testcase name="checkboxTest" time="0.394" classname="com.sales.AmazonServices.CheckBox1"/>
  <testcase name="radioButtonTest" time="0.72" classname="com.sales.AmazonServices.RadioButton1"/>
</testsuite> <!-- FirefoxTest -->
