<?xml version="1.0" encoding="UTF-8"?>
<!-- Generated by org.testng.reporters.JUnitXMLReporter -->
<testsuite hostname="DESKTOP-KRLAL0I" ignored="0" name="smokeTest" tests="3" failures="0" timestamp="26 Feb 2019 06:37:20 GMT" time="49.649" errors="0">
  <testcase name="f" time="0.013" classname="com.sales.AmazonServices.TC_004"/>
  <testcase name="amazonHomePage" time="12.126" classname="com.sales.AmazonServices.TC_005"/>
  <testcase name="newTest" time="0.006" classname="com.sales.AmazonServices.NewTest"/>
</testsuite> <!-- smokeTest -->
