<?xml version="1.0" encoding="UTF-8"?>
<testng-results skipped="0" failed="0" ignored="0" total="6" passed="6">
  <reporter-output>
  </reporter-output>
  <suite name="mysuites" duration-ms="0" started-at="2019-03-01T07:33:44Z" finished-at="2019-03-01T07:33:44Z">
    <groups>
    </groups>
  </suite> <!-- mysuites -->
  <suite name="SuiteD" duration-ms="15051" started-at="2019-03-01T07:33:29Z" finished-at="2019-03-01T07:33:44Z">
    <groups>
    </groups>
    <test name="Test" duration-ms="15051" started-at="2019-03-01T07:33:29Z" finished-at="2019-03-01T07:33:44Z">
      <class name="suiteD.TestD3">
        <test-method status="PASS" signature="testD3()[pri:0, instance:suiteD.TestD3@763d9750]" name="testD3" duration-ms="5002" started-at="2019-03-01T07:33:39Z" finished-at="2019-03-01T07:33:44Z">
          <reporter-output>
          </reporter-output>
        </test-method> <!-- testD3 -->
      </class> <!-- suiteD.TestD3 -->
      <class name="suiteD.TestD2">
        <test-method status="PASS" signature="testD2()[pri:0, instance:suiteD.TestD2@6979e8cb]" name="testD2" duration-ms="5002" started-at="2019-03-01T07:33:34Z" finished-at="2019-03-01T07:33:39Z">
          <reporter-output>
          </reporter-output>
        </test-method> <!-- testD2 -->
      </class> <!-- suiteD.TestD2 -->
      <class name="suiteD.TestD1">
        <test-method status="PASS" signature="testD1()[pri:0, instance:suiteD.TestD1@5fe5c6f]" name="testD1" duration-ms="5009" started-at="2019-03-01T07:33:29Z" finished-at="2019-03-01T07:33:34Z">
          <reporter-output>
          </reporter-output>
        </test-method> <!-- testD1 -->
      </class> <!-- suiteD.TestD1 -->
    </test> <!-- Test -->
  </suite> <!-- SuiteD -->
  <suite name="SuiteC" duration-ms="15051" started-at="2019-03-01T07:33:29Z" finished-at="2019-03-01T07:33:44Z">
    <groups>
    </groups>
    <test name="Test" duration-ms="15051" started-at="2019-03-01T07:33:29Z" finished-at="2019-03-01T07:33:44Z">
      <class name="suiteC.TestC1">
        <test-method status="PASS" signature="testC1()[pri:0, instance:suiteC.TestC1@44e81672]" name="testC1" duration-ms="5002" started-at="2019-03-01T07:33:39Z" finished-at="2019-03-01T07:33:44Z">
          <reporter-output>
          </reporter-output>
        </test-method> <!-- testC1 -->
      </class> <!-- suiteC.TestC1 -->
      <class name="suiteC.TestC2">
        <test-method status="PASS" signature="testC2()[pri:0, instance:suiteC.TestC2@4fccd51b]" name="testC2" duration-ms="5002" started-at="2019-03-01T07:33:34Z" finished-at="2019-03-01T07:33:39Z">
          <reporter-output>
          </reporter-output>
        </test-method> <!-- testC2 -->
      </class> <!-- suiteC.TestC2 -->
      <class name="suiteC.TestC3">
        <test-method status="PASS" signature="testC3()[pri:0, instance:suiteC.TestC3@29444d75]" name="testC3" duration-ms="5009" started-at="2019-03-01T07:33:29Z" finished-at="2019-03-01T07:33:34Z">
          <reporter-output>
          </reporter-output>
        </test-method> <!-- testC3 -->
      </class> <!-- suiteC.TestC3 -->
    </test> <!-- Test -->
  </suite> <!-- SuiteC -->
</testng-results>
